{"D:\\FSD\\Projects\\!nodejs\\nodejs-homework-rest-api\\config\\constants.js": {"path":"D:\\FSD\\Projects\\!nodejs\\nodejs-homework-rest-api\\config\\constants.js","statementMap":{"0":{"start":{"line":1,"column":13},"end":{"line":1,"column":37}},"1":{"start":{"line":3,"column":25},"end":{"line":6,"column":1}},"2":{"start":{"line":8,"column":22},"end":{"line":11,"column":1}},"3":{"start":{"line":13,"column":21},"end":{"line":17,"column":1}},"4":{"start":{"line":19,"column":17},"end":{"line":31,"column":1}},"5":{"start":{"line":33,"column":0},"end":{"line":39,"column":2}}},"fnMap":{},"branchMap":{"0":{"loc":{"start":{"line":1,"column":13},"end":{"line":1,"column":37}},"type":"binary-expr","locations":[{"start":{"line":1,"column":13},"end":{"line":1,"column":29}},{"start":{"line":1,"column":33},"end":{"line":1,"column":37}}],"line":1}},"s":{"0":2,"1":2,"2":2,"3":2,"4":2,"5":2},"f":{},"b":{"0":[2,2]},"_coverageSchema":"1a1c01bbd47fc00a2c39e90264f33305004495a9","hash":"80c8143e76aa1f33ac86d26084d21152b00f54d0"}
,"D:\\FSD\\Projects\\!nodejs\\nodejs-homework-rest-api\\controllers\\contacts.js": {"path":"D:\\FSD\\Projects\\!nodejs\\nodejs-homework-rest-api\\controllers\\contacts.js","statementMap":{"0":{"start":{"line":1,"column":17},"end":{"line":1,"column":50}},"1":{"start":{"line":2,"column":21},"end":{"line":2,"column":51}},"2":{"start":{"line":3,"column":24},"end":{"line":3,"column":57}},"3":{"start":{"line":5,"column":20},"end":{"line":9,"column":1}},"4":{"start":{"line":6,"column":17},"end":{"line":6,"column":29}},"5":{"start":{"line":7,"column":15},"end":{"line":7,"column":61}},"6":{"start":{"line":8,"column":2},"end":{"line":8,"column":72}},"7":{"start":{"line":11,"column":19},"end":{"line":21,"column":1}},"8":{"start":{"line":12,"column":17},"end":{"line":12,"column":29}},"9":{"start":{"line":13,"column":18},"end":{"line":13,"column":77}},"10":{"start":{"line":14,"column":2},"end":{"line":18,"column":3}},"11":{"start":{"line":15,"column":4},"end":{"line":17,"column":73}},"12":{"start":{"line":20,"column":2},"end":{"line":20,"column":57}},"13":{"start":{"line":23,"column":20},"end":{"line":29,"column":1}},"14":{"start":{"line":24,"column":17},"end":{"line":24,"column":29}},"15":{"start":{"line":25,"column":18},"end":{"line":25,"column":75}},"16":{"start":{"line":26,"column":2},"end":{"line":28,"column":76}},"17":{"start":{"line":31,"column":22},"end":{"line":40,"column":1}},"18":{"start":{"line":32,"column":17},"end":{"line":32,"column":29}},"19":{"start":{"line":33,"column":18},"end":{"line":33,"column":76}},"20":{"start":{"line":34,"column":2},"end":{"line":38,"column":3}},"21":{"start":{"line":35,"column":4},"end":{"line":37,"column":73}},"22":{"start":{"line":39,"column":2},"end":{"line":39,"column":57}},"23":{"start":{"line":42,"column":22},"end":{"line":55,"column":1}},"24":{"start":{"line":43,"column":17},"end":{"line":43,"column":29}},"25":{"start":{"line":44,"column":18},"end":{"line":48,"column":3}},"26":{"start":{"line":49,"column":2},"end":{"line":53,"column":3}},"27":{"start":{"line":50,"column":4},"end":{"line":52,"column":73}},"28":{"start":{"line":54,"column":2},"end":{"line":54,"column":57}},"29":{"start":{"line":57,"column":28},"end":{"line":70,"column":1}},"30":{"start":{"line":58,"column":17},"end":{"line":58,"column":29}},"31":{"start":{"line":59,"column":18},"end":{"line":63,"column":3}},"32":{"start":{"line":64,"column":2},"end":{"line":68,"column":3}},"33":{"start":{"line":65,"column":4},"end":{"line":67,"column":73}},"34":{"start":{"line":69,"column":2},"end":{"line":69,"column":57}},"35":{"start":{"line":72,"column":0},"end":{"line":79,"column":2}}},"fnMap":{"0":{"name":"(anonymous_0)","decl":{"start":{"line":5,"column":20},"end":{"line":5,"column":21}},"loc":{"start":{"line":5,"column":46},"end":{"line":9,"column":1}},"line":5},"1":{"name":"(anonymous_1)","decl":{"start":{"line":11,"column":19},"end":{"line":11,"column":20}},"loc":{"start":{"line":11,"column":45},"end":{"line":21,"column":1}},"line":11},"2":{"name":"(anonymous_2)","decl":{"start":{"line":23,"column":20},"end":{"line":23,"column":21}},"loc":{"start":{"line":23,"column":46},"end":{"line":29,"column":1}},"line":23},"3":{"name":"(anonymous_3)","decl":{"start":{"line":31,"column":22},"end":{"line":31,"column":23}},"loc":{"start":{"line":31,"column":48},"end":{"line":40,"column":1}},"line":31},"4":{"name":"(anonymous_4)","decl":{"start":{"line":42,"column":22},"end":{"line":42,"column":23}},"loc":{"start":{"line":42,"column":48},"end":{"line":55,"column":1}},"line":42},"5":{"name":"(anonymous_5)","decl":{"start":{"line":57,"column":28},"end":{"line":57,"column":29}},"loc":{"start":{"line":57,"column":54},"end":{"line":70,"column":1}},"line":57}},"branchMap":{"0":{"loc":{"start":{"line":14,"column":2},"end":{"line":18,"column":3}},"type":"if","locations":[{"start":{"line":14,"column":2},"end":{"line":18,"column":3}},{"start":{},"end":{}}],"line":14},"1":{"loc":{"start":{"line":34,"column":2},"end":{"line":38,"column":3}},"type":"if","locations":[{"start":{"line":34,"column":2},"end":{"line":38,"column":3}},{"start":{},"end":{}}],"line":34},"2":{"loc":{"start":{"line":49,"column":2},"end":{"line":53,"column":3}},"type":"if","locations":[{"start":{"line":49,"column":2},"end":{"line":53,"column":3}},{"start":{},"end":{}}],"line":49},"3":{"loc":{"start":{"line":64,"column":2},"end":{"line":68,"column":3}},"type":"if","locations":[{"start":{"line":64,"column":2},"end":{"line":68,"column":3}},{"start":{},"end":{}}],"line":64}},"s":{"0":1,"1":1,"2":1,"3":1,"4":0,"5":0,"6":0,"7":1,"8":0,"9":0,"10":0,"11":0,"12":0,"13":1,"14":0,"15":0,"16":0,"17":1,"18":0,"19":0,"20":0,"21":0,"22":0,"23":1,"24":3,"25":3,"26":3,"27":1,"28":2,"29":1,"30":0,"31":0,"32":0,"33":0,"34":0,"35":1},"f":{"0":0,"1":0,"2":0,"3":0,"4":3,"5":0},"b":{"0":[0,0],"1":[0,0],"2":[1,2],"3":[0,0]},"_coverageSchema":"1a1c01bbd47fc00a2c39e90264f33305004495a9","hash":"d20dc3359d893bb621c6778c1ed2d3e1d34197f7"}
,"D:\\FSD\\Projects\\!nodejs\\nodejs-homework-rest-api\\helpers\\customError.js": {"path":"D:\\FSD\\Projects\\!nodejs\\nodejs-homework-rest-api\\helpers\\customError.js","statementMap":{"0":{"start":{"line":3,"column":4},"end":{"line":3,"column":12}},"1":{"start":{"line":4,"column":4},"end":{"line":4,"column":25}},"2":{"start":{"line":5,"column":4},"end":{"line":5,"column":27}},"3":{"start":{"line":6,"column":4},"end":{"line":6,"column":21}},"4":{"start":{"line":10,"column":0},"end":{"line":10,"column":33}}},"fnMap":{"0":{"name":"(anonymous_0)","decl":{"start":{"line":2,"column":2},"end":{"line":2,"column":3}},"loc":{"start":{"line":2,"column":53},"end":{"line":7,"column":3}},"line":2}},"branchMap":{"0":{"loc":{"start":{"line":2,"column":31},"end":{"line":2,"column":51}},"type":"default-arg","locations":[{"start":{"line":2,"column":38},"end":{"line":2,"column":51}}],"line":2}},"s":{"0":3,"1":3,"2":3,"3":3,"4":1},"f":{"0":3},"b":{"0":[3]},"_coverageSchema":"1a1c01bbd47fc00a2c39e90264f33305004495a9","hash":"3a081b6c0b353dae5c09aa3a4568360afab324b7"}
,"D:\\FSD\\Projects\\!nodejs\\nodejs-homework-rest-api\\model\\contact.js": {"path":"D:\\FSD\\Projects\\!nodejs\\nodejs-homework-rest-api\\model\\contact.js","statementMap":{"0":{"start":{"line":1,"column":39},"end":{"line":1,"column":58}},"1":{"start":{"line":2,"column":29},"end":{"line":2,"column":59}},"2":{"start":{"line":3,"column":25},"end":{"line":3,"column":56}},"3":{"start":{"line":5,"column":22},"end":{"line":48,"column":1}},"4":{"start":{"line":18,"column":19},"end":{"line":18,"column":32}},"5":{"start":{"line":19,"column":8},"end":{"line":19,"column":52}},"6":{"start":{"line":42,"column":8},"end":{"line":42,"column":23}},"7":{"start":{"line":43,"column":8},"end":{"line":43,"column":19}},"8":{"start":{"line":50,"column":0},"end":{"line":53,"column":3}},"9":{"start":{"line":51,"column":13},"end":{"line":51,"column":54}},"10":{"start":{"line":52,"column":2},"end":{"line":52,"column":32}},"11":{"start":{"line":55,"column":0},"end":{"line":55,"column":39}},"12":{"start":{"line":57,"column":16},"end":{"line":57,"column":47}},"13":{"start":{"line":59,"column":0},"end":{"line":59,"column":25}}},"fnMap":{"0":{"name":"(anonymous_0)","decl":{"start":{"line":17,"column":6},"end":{"line":17,"column":7}},"loc":{"start":{"line":17,"column":22},"end":{"line":20,"column":7}},"line":17},"1":{"name":"(anonymous_1)","decl":{"start":{"line":41,"column":17},"end":{"line":41,"column":18}},"loc":{"start":{"line":41,"column":37},"end":{"line":44,"column":7}},"line":41},"2":{"name":"(anonymous_2)","decl":{"start":{"line":50,"column":37},"end":{"line":50,"column":38}},"loc":{"start":{"line":50,"column":54},"end":{"line":53,"column":1}},"line":50}},"branchMap":{},"s":{"0":1,"1":1,"2":1,"3":1,"4":0,"5":0,"6":0,"7":0,"8":1,"9":0,"10":0,"11":1,"12":1,"13":1},"f":{"0":0,"1":0,"2":0},"b":{},"_coverageSchema":"1a1c01bbd47fc00a2c39e90264f33305004495a9","hash":"8290b95e3b177f2213e87447adec55b40ee520c7"}
,"D:\\FSD\\Projects\\!nodejs\\nodejs-homework-rest-api\\repository\\contacts.js": {"path":"D:\\FSD\\Projects\\!nodejs\\nodejs-homework-rest-api\\repository\\contacts.js","statementMap":{"0":{"start":{"line":1,"column":16},"end":{"line":1,"column":43}},"1":{"start":{"line":3,"column":21},"end":{"line":32,"column":1}},"2":{"start":{"line":11,"column":6},"end":{"line":11,"column":11}},"3":{"start":{"line":12,"column":24},"end":{"line":12,"column":41}},"4":{"start":{"line":13,"column":2},"end":{"line":15,"column":3}},"5":{"start":{"line":14,"column":4},"end":{"line":14,"column":42}},"6":{"start":{"line":16,"column":18},"end":{"line":28,"column":4}},"7":{"start":{"line":29,"column":29},"end":{"line":29,"column":36}},"8":{"start":{"line":30,"column":2},"end":{"line":30,"column":22}},"9":{"start":{"line":31,"column":2},"end":{"line":31,"column":34}},"10":{"start":{"line":34,"column":23},"end":{"line":43,"column":1}},"11":{"start":{"line":35,"column":18},"end":{"line":41,"column":4}},"12":{"start":{"line":42,"column":2},"end":{"line":42,"column":17}},"13":{"start":{"line":45,"column":22},"end":{"line":51,"column":1}},"14":{"start":{"line":46,"column":17},"end":{"line":49,"column":4}},"15":{"start":{"line":50,"column":2},"end":{"line":50,"column":16}},"16":{"start":{"line":53,"column":19},"end":{"line":56,"column":1}},"17":{"start":{"line":54,"column":17},"end":{"line":54,"column":43}},"18":{"start":{"line":55,"column":2},"end":{"line":55,"column":16}},"19":{"start":{"line":58,"column":22},"end":{"line":65,"column":1}},"20":{"start":{"line":59,"column":17},"end":{"line":63,"column":3}},"21":{"start":{"line":64,"column":2},"end":{"line":64,"column":16}},"22":{"start":{"line":67,"column":0},"end":{"line":73,"column":2}}},"fnMap":{"0":{"name":"(anonymous_0)","decl":{"start":{"line":3,"column":21},"end":{"line":3,"column":22}},"loc":{"start":{"line":3,"column":46},"end":{"line":32,"column":1}},"line":3},"1":{"name":"(anonymous_1)","decl":{"start":{"line":34,"column":23},"end":{"line":34,"column":24}},"loc":{"start":{"line":34,"column":52},"end":{"line":43,"column":1}},"line":34},"2":{"name":"(anonymous_2)","decl":{"start":{"line":45,"column":22},"end":{"line":45,"column":23}},"loc":{"start":{"line":45,"column":51},"end":{"line":51,"column":1}},"line":45},"3":{"name":"(anonymous_3)","decl":{"start":{"line":53,"column":19},"end":{"line":53,"column":20}},"loc":{"start":{"line":53,"column":35},"end":{"line":56,"column":1}},"line":53},"4":{"name":"(anonymous_4)","decl":{"start":{"line":58,"column":22},"end":{"line":58,"column":23}},"loc":{"start":{"line":58,"column":57},"end":{"line":65,"column":1}},"line":58}},"branchMap":{"0":{"loc":{"start":{"line":8,"column":4},"end":{"line":8,"column":21}},"type":"default-arg","locations":[{"start":{"line":8,"column":17},"end":{"line":8,"column":21}}],"line":8},"1":{"loc":{"start":{"line":9,"column":4},"end":{"line":9,"column":13}},"type":"default-arg","locations":[{"start":{"line":9,"column":12},"end":{"line":9,"column":13}}],"line":9},"2":{"loc":{"start":{"line":10,"column":4},"end":{"line":10,"column":14}},"type":"default-arg","locations":[{"start":{"line":10,"column":13},"end":{"line":10,"column":14}}],"line":10},"3":{"loc":{"start":{"line":13,"column":2},"end":{"line":15,"column":3}},"type":"if","locations":[{"start":{"line":13,"column":2},"end":{"line":15,"column":3}},{"start":{},"end":{}}],"line":13},"4":{"loc":{"start":{"line":20,"column":10},"end":{"line":20,"column":44}},"type":"cond-expr","locations":[{"start":{"line":20,"column":19},"end":{"line":20,"column":39}},{"start":{"line":20,"column":42},"end":{"line":20,"column":44}}],"line":20},"5":{"loc":{"start":{"line":21,"column":10},"end":{"line":21,"column":53}},"type":"cond-expr","locations":[{"start":{"line":21,"column":23},"end":{"line":21,"column":48}},{"start":{"line":21,"column":51},"end":{"line":21,"column":53}}],"line":21},"6":{"loc":{"start":{"line":23,"column":12},"end":{"line":23,"column":53}},"type":"cond-expr","locations":[{"start":{"line":23,"column":21},"end":{"line":23,"column":48}},{"start":{"line":23,"column":51},"end":{"line":23,"column":53}}],"line":23}},"s":{"0":1,"1":1,"2":0,"3":0,"4":0,"5":0,"6":0,"7":0,"8":0,"9":0,"10":1,"11":0,"12":0,"13":1,"14":0,"15":0,"16":1,"17":0,"18":0,"19":1,"20":0,"21":0,"22":1},"f":{"0":0,"1":0,"2":0,"3":0,"4":0},"b":{"0":[0],"1":[0],"2":[0],"3":[0,0],"4":[0,0],"5":[0,0],"6":[0,0]},"_coverageSchema":"1a1c01bbd47fc00a2c39e90264f33305004495a9","hash":"b1e722d85cabd2f9c7e05589456187d2af5eba4c"}
}
