TN:
SF:config\constants.js
FNF:0
FNH:0
DA:1,2
DA:3,2
DA:8,2
DA:13,2
DA:19,2
DA:33,2
LF:6
LH:6
BRDA:1,0,0,2
BRDA:1,0,1,2
BRF:2
BRH:2
end_of_record
TN:
SF:controllers\contacts.js
FN:5,(anonymous_0)
FN:11,(anonymous_1)
FN:23,(anonymous_2)
FN:31,(anonymous_3)
FN:42,(anonymous_4)
FN:57,(anonymous_5)
FNF:6
FNH:1
FNDA:0,(anonymous_0)
FNDA:0,(anonymous_1)
FNDA:0,(anonymous_2)
FNDA:0,(anonymous_3)
FNDA:3,(anonymous_4)
FNDA:0,(anonymous_5)
DA:1,1
DA:2,1
DA:3,1
DA:5,1
DA:6,0
DA:7,0
DA:8,0
DA:11,1
DA:12,0
DA:13,0
DA:14,0
DA:15,0
DA:20,0
DA:23,1
DA:24,0
DA:25,0
DA:26,0
DA:31,1
DA:32,0
DA:33,0
DA:34,0
DA:35,0
DA:39,0
DA:42,1
DA:43,3
DA:44,3
DA:49,3
DA:50,1
DA:54,2
DA:57,1
DA:58,0
DA:59,0
DA:64,0
DA:65,0
DA:69,0
DA:72,1
LF:36
LH:15
BRDA:14,0,0,0
BRDA:14,0,1,0
BRDA:34,1,0,0
BRDA:34,1,1,0
BRDA:49,2,0,1
BRDA:49,2,1,2
BRDA:64,3,0,0
BRDA:64,3,1,0
BRF:8
BRH:2
end_of_record
TN:
SF:helpers\customError.js
FN:2,(anonymous_0)
FNF:1
FNH:1
FNDA:3,(anonymous_0)
DA:3,3
DA:4,3
DA:5,3
DA:6,3
DA:10,1
LF:5
LH:5
BRDA:2,0,0,3
BRF:1
BRH:1
end_of_record
TN:
SF:model\contact.js
FN:17,(anonymous_0)
FN:41,(anonymous_1)
FN:50,(anonymous_2)
FNF:3
FNH:0
FNDA:0,(anonymous_0)
FNDA:0,(anonymous_1)
FNDA:0,(anonymous_2)
DA:1,1
DA:2,1
DA:3,1
DA:5,1
DA:18,0
DA:19,0
DA:42,0
DA:43,0
DA:50,1
DA:51,0
DA:52,0
DA:55,1
DA:57,1
DA:59,1
LF:14
LH:8
BRF:0
BRH:0
end_of_record
TN:
SF:repository\contacts.js
FN:3,(anonymous_0)
FN:34,(anonymous_1)
FN:45,(anonymous_2)
FN:53,(anonymous_3)
FN:58,(anonymous_4)
FNF:5
FNH:0
FNDA:0,(anonymous_0)
FNDA:0,(anonymous_1)
FNDA:0,(anonymous_2)
FNDA:0,(anonymous_3)
FNDA:0,(anonymous_4)
DA:1,1
DA:3,1
DA:11,0
DA:12,0
DA:13,0
DA:14,0
DA:16,0
DA:29,0
DA:30,0
DA:31,0
DA:34,1
DA:35,0
DA:42,0
DA:45,1
DA:46,0
DA:50,0
DA:53,1
DA:54,0
DA:55,0
DA:58,1
DA:59,0
DA:64,0
DA:67,1
LF:23
LH:7
BRDA:8,0,0,0
BRDA:9,1,0,0
BRDA:10,2,0,0
BRDA:13,3,0,0
BRDA:13,3,1,0
BRDA:20,4,0,0
BRDA:20,4,1,0
BRDA:21,5,0,0
BRDA:21,5,1,0
BRDA:23,6,0,0
BRDA:23,6,1,0
BRF:11
BRH:0
end_of_record
